#
# There is insufficient memory for the Java Runtime Environment to continue.
# Native memory allocation (mmap) failed to map 65536 bytes for Failed to commit metaspace.
# Possible reasons:
#   The system is out of physical RAM or swap space
#   The process is running with CompressedOops enabled, and the Java Heap may be blocking the growth of the native heap
# Possible solutions:
#   Reduce memory load on the system
#   Increase physical memory or swap space
#   Check if swap backing store is full
#   Decrease Java heap size (-Xmx/-Xms)
#   Decrease number of Java threads
#   Decrease Java thread stack sizes (-Xss)
#   Set larger code cache with -XX:ReservedCodeCacheSize=
#   JVM is running with Unscaled Compressed Oops mode in which the Java heap is
#     placed in the first 4GB address space. The Java Heap base address is the
#     maximum limit for the native heap growth. Please use -XX:HeapBaseMinAddress
#     to set the Java Heap base and to place the Java Heap above 4GB virtual address.
# This output file may be truncated or incomplete.
#
#  Out of Memory Error (virtualSpaceNode.cpp:110), pid=14976, tid=16944
#
# JRE version: OpenJDK Runtime Environment (17.0.6) (build 17.0.6+0-b2043.56-10027231)
# Java VM: OpenJDK 64-Bit Server VM (17.0.6+0-b2043.56-10027231, mixed mode, tiered, compressed oops, compressed class ptrs, g1 gc, windows-amd64)
# No core dump will be written. Minidumps are not enabled by default on client versions of Windows
#

---------------  S U M M A R Y ------------

Command Line: --add-opens=java.base/java.util=ALL-UNNAMED --add-opens=java.base/java.lang=ALL-UNNAMED --add-opens=java.base/java.lang.invoke=ALL-UNNAMED --add-opens=java.base/java.util=ALL-UNNAMED --add-opens=java.prefs/java.util.prefs=ALL-UNNAMED --add-opens=java.prefs/java.util.prefs=ALL-UNNAMED --add-opens=java.base/java.nio.charset=ALL-UNNAMED --add-opens=java.base/java.net=ALL-UNNAMED --add-opens=java.base/java.util.concurrent.atomic=ALL-UNNAMED -Xmx2048m -Dfile.encoding=UTF-8 -Duser.country=PL -Duser.language=pl -Duser.variant org.gradle.launcher.daemon.bootstrap.GradleDaemon 7.4

Host: Intel(R) Core(TM) i5-8265U CPU @ 1.60GHz, 8 cores, 7G,  Windows 11 , 64 bit Build 22000 (10.0.22000.2124)
Time: Wed Nov 22 21:17:53 2023  Windows 11 , 64 bit Build 22000 (10.0.22000.2124) elapsed time: 3.511172 seconds (0d 0h 0m 3s)

---------------  T H R E A D  ---------------

Current thread (0x0000017072d494d0):  JavaThread "Daemon worker" [_thread_in_vm, id=16944, stack(0x00000060f8800000,0x00000060f8900000)]

Stack: [0x00000060f8800000,0x00000060f8900000]
Native frames: (J=compiled Java code, j=interpreted, Vv=VM code, C=native code)
V  [jvm.dll+0x683c9a]
V  [jvm.dll+0x8427a4]
V  [jvm.dll+0x843f9e]
V  [jvm.dll+0x844603]
V  [jvm.dll+0x249b75]
V  [jvm.dll+0x83e7fb]
V  [jvm.dll+0x628006]
V  [jvm.dll+0x1c194e]
V  [jvm.dll+0x62a941]
V  [jvm.dll+0x6289a6]
V  [jvm.dll+0x3707f2]
V  [jvm.dll+0x1e565b]
V  [jvm.dll+0x548016]
V  [jvm.dll+0x7bd3d5]
V  [jvm.dll+0x7bd4ee]
V  [jvm.dll+0x41182a]
V  [jvm.dll+0x4179a9]
C  [java.dll+0x17ec]

Java frames: (J=compiled Java code, j=interpreted, Vv=VM code)
J 733  java.lang.ClassLoader.defineClass1(Ljava/lang/ClassLoader;Ljava/lang/String;[BIILjava/security/ProtectionDomain;Ljava/lang/String;)Ljava/lang/Class; java.base@17.0.6 (0 bytes) @ 0x00000170622ba45b [0x00000170622ba3a0+0x00000000000000bb]
j  java.lang.System$2.defineClass(Ljava/lang/ClassLoader;Ljava/lang/String;[BLjava/security/ProtectionDomain;Ljava/lang/String;)Ljava/lang/Class;+10 java.base@17.0.6
j  jdk.internal.reflect.ClassDefiner.defineClass(Ljava/lang/String;[BIILjava/lang/ClassLoader;)Ljava/lang/Class;+27 java.base@17.0.6
j  jdk.internal.reflect.MethodAccessorGenerator$1.run()Ljdk/internal/reflect/MagicAccessorImpl;+21 java.base@17.0.6
j  jdk.internal.reflect.MethodAccessorGenerator$1.run()Ljava/lang/Object;+1 java.base@17.0.6
J 1669 c1 java.security.AccessController.executePrivileged(Ljava/security/PrivilegedAction;Ljava/security/AccessControlContext;Ljava/lang/Class;)Ljava/lang/Object; java.base@17.0.6 (65 bytes) @ 0x000001705aad8d34 [0x000001705aad8be0+0x0000000000000154]
j  java.security.AccessController.doPrivileged(Ljava/security/PrivilegedAction;)Ljava/lang/Object;+5 java.base@17.0.6
j  jdk.internal.reflect.MethodAccessorGenerator.generate(Ljava/lang/Class;Ljava/lang/String;[Ljava/lang/Class;Ljava/lang/Class;[Ljava/lang/Class;IZZLjava/lang/Class;)Ljdk/internal/reflect/MagicAccessorImpl;+755 java.base@17.0.6
j  jdk.internal.reflect.MethodAccessorGenerator.generateConstructor(Ljava/lang/Class;[Ljava/lang/Class;[Ljava/lang/Class;I)Ljdk/internal/reflect/ConstructorAccessor;+14 java.base@17.0.6
j  jdk.internal.reflect.NativeConstructorAccessorImpl.newInstance([Ljava/lang/Object;)Ljava/lang/Object;+87 java.base@17.0.6
j  jdk.internal.reflect.DelegatingConstructorAccessorImpl.newInstance([Ljava/lang/Object;)Ljava/lang/Object;+5 java.base@17.0.6
J 1920 c1 java.lang.reflect.Constructor.newInstanceWithCaller([Ljava/lang/Object;ZLjava/lang/Class;)Ljava/lang/Object; java.base@17.0.6 (75 bytes) @ 0x000001705ab480cc [0x000001705ab47e80+0x000000000000024c]
j  java.lang.reflect.Constructor.newInstance([Ljava/lang/Object;)Ljava/lang/Object;+30 java.base@17.0.6
j  java.lang.reflect.Proxy.newProxyInstance(Ljava/lang/Class;Ljava/lang/reflect/Constructor;Ljava/lang/reflect/InvocationHandler;)Ljava/lang/Object;+21 java.base@17.0.6
j  java.lang.reflect.Proxy.newProxyInstance(Ljava/lang/ClassLoader;[Ljava/lang/Class;Ljava/lang/reflect/InvocationHandler;)Ljava/lang/Object;+31 java.base@17.0.6
j  sun.reflect.annotation.AnnotationParser$1.run()Ljava/lang/annotation/Annotation;+33 java.base@17.0.6
j  sun.reflect.annotation.AnnotationParser$1.run()Ljava/lang/Object;+1 java.base@17.0.6
J 1669 c1 java.security.AccessController.executePrivileged(Ljava/security/PrivilegedAction;Ljava/security/AccessControlContext;Ljava/lang/Class;)Ljava/lang/Object; java.base@17.0.6 (65 bytes) @ 0x000001705aad8d34 [0x000001705aad8be0+0x0000000000000154]
j  java.security.AccessController.doPrivileged(Ljava/security/PrivilegedAction;)Ljava/lang/Object;+5 java.base@17.0.6
j  sun.reflect.annotation.AnnotationParser.annotationForMap(Ljava/lang/Class;Ljava/util/Map;)Ljava/lang/annotation/Annotation;+9 java.base@17.0.6
j  sun.reflect.annotation.AnnotationParser.parseAnnotation2(Ljava/nio/ByteBuffer;Ljdk/internal/reflect/ConstantPool;Ljava/lang/Class;Z[Ljava/lang/Class;)Ljava/lang/annotation/Annotation;+267 java.base@17.0.6
j  sun.reflect.annotation.AnnotationParser.parseAnnotations2([BLjdk/internal/reflect/ConstantPool;Ljava/lang/Class;[Ljava/lang/Class;)Ljava/util/Map;+41 java.base@17.0.6
j  sun.reflect.annotation.AnnotationParser.parseAnnotations([BLjdk/internal/reflect/ConstantPool;Ljava/lang/Class;)Ljava/util/Map;+12 java.base@17.0.6
J 1863 c1 java.lang.Class.createAnnotationData(I)Ljava/lang/Class$AnnotationData; java.base@17.0.6 (195 bytes) @ 0x000001705ab29e5c [0x000001705ab29d80+0x00000000000000dc]
J 1405 c1 java.lang.Class.annotationData()Ljava/lang/Class$AnnotationData; java.base@17.0.6 (44 bytes) @ 0x000001705aa5dae4 [0x000001705aa5d9e0+0x0000000000000104]
J 1919 c1 org.gradle.internal.service.DefaultServiceRegistry$ClassInspector$ClassDetails.locateAnnotation(Ljava/lang/Class;)Z (44 bytes) @ 0x000001705ab47514 [0x000001705ab470c0+0x0000000000000454]
J 1853 c1 org.gradle.internal.service.DefaultServiceRegistry$ClassInspector$ClassDetails.hasAnnotation(Ljava/lang/Class;)Z (44 bytes) @ 0x000001705ab2644c [0x000001705ab26200+0x000000000000024c]
J 1852 c1 org.gradle.internal.service.DefaultServiceRegistry$ClassInspector.hasAnnotation(Ljava/lang/Class;Ljava/lang/Class;)Z (10 bytes) @ 0x000001705ab25dec [0x000001705ab25d40+0x00000000000000ac]
j  org.gradle.internal.service.DefaultServiceRegistry$OwnServices.annotationHandlerCreated(Lorg/gradle/internal/service/AnnotatedServiceLifecycleHandler;)V+57
j  org.gradle.internal.service.DefaultServiceRegistry$OwnServices.instanceRealized(Lorg/gradle/internal/service/DefaultServiceRegistry$ManagedObjectServiceProvider;Ljava/lang/Object;)V+72
J 1893 c1 org.gradle.internal.service.DefaultServiceRegistry$ManagedObjectServiceProvider.getInstance()Ljava/lang/Object; (47 bytes) @ 0x000001705ab37c54 [0x000001705ab37960+0x00000000000002f4]
J 1892 c1 org.gradle.internal.service.DefaultServiceRegistry$SingletonService.get()Ljava/lang/Object; (5 bytes) @ 0x000001705ab37614 [0x000001705ab375a0+0x0000000000000074]
j  org.gradle.internal.service.DefaultServiceRegistry.find(Ljava/lang/reflect/Type;)Ljava/lang/Object;+22
j  org.gradle.internal.service.DefaultServiceRegistry.get(Ljava/lang/reflect/Type;)Ljava/lang/Object;+2
j  org.gradle.internal.service.DefaultServiceRegistry.get(Ljava/lang/Class;)Ljava/lang/Object;+3
j  org.gradle.internal.buildtree.DefaultBuildTreeContext.execute(Lorg/gradle/internal/invocation/BuildAction;)Lorg/gradle/internal/buildtree/BuildActionRunner$Result;+23
j  org.gradle.launcher.exec.BuildTreeLifecycleBuildActionExecutor.lambda$execute$0(Lorg/gradle/internal/invocation/BuildAction;Lorg/gradle/internal/buildtree/BuildTreeContext;)Lorg/gradle/internal/buildtree/BuildActionRunner$Result;+2
j  org.gradle.launcher.exec.BuildTreeLifecycleBuildActionExecutor$$Lambda$99+0x0000000100298690.apply(Ljava/lang/Object;)Ljava/lang/Object;+8
j  org.gradle.internal.buildtree.BuildTreeState.run(Ljava/util/function/Function;)Ljava/lang/Object;+5
j  org.gradle.launcher.exec.BuildTreeLifecycleBuildActionExecutor.execute(Lorg/gradle/internal/invocation/BuildAction;Lorg/gradle/internal/session/BuildSessionContext;)Lorg/gradle/internal/buildtree/BuildActionRunner$Result;+181
j  org.gradle.launcher.exec.RunAsBuildOperationBuildActionExecutor$3.call(Lorg/gradle/internal/operations/BuildOperationContext;)Lorg/gradle/internal/buildtree/BuildActionRunner$Result;+25
j  org.gradle.launcher.exec.RunAsBuildOperationBuildActionExecutor$3.call(Lorg/gradle/internal/operations/BuildOperationContext;)Ljava/lang/Object;+2
j  org.gradle.internal.operations.DefaultBuildOperationRunner$CallableBuildOperationWorker.execute(Lorg/gradle/internal/operations/CallableBuildOperation;Lorg/gradle/internal/operations/BuildOperationContext;)V+3
j  org.gradle.internal.operations.DefaultBuildOperationRunner$CallableBuildOperationWorker.execute(Lorg/gradle/internal/operations/BuildOperation;Lorg/gradle/internal/operations/BuildOperationContext;)V+6
j  org.gradle.internal.operations.DefaultBuildOperationRunner$2.execute(Lorg/gradle/internal/operations/BuildOperationDescriptor;Lorg/gradle/internal/operations/BuildOperationState;Lorg/gradle/internal/operations/BuildOperationState;Lorg/gradle/internal/operations/DefaultBuildOperationRunner$ReadableBuildOperationContext;Lorg/gradle/internal/operations/DefaultBuildOperationRunner$BuildOperationExecutionListener;)Lorg/gradle/internal/operations/BuildOperation;+22
j  org.gradle.internal.operations.DefaultBuildOperationRunner$2.execute(Lorg/gradle/internal/operations/BuildOperationDescriptor;Lorg/gradle/internal/operations/BuildOperationState;Lorg/gradle/internal/operations/BuildOperationState;Lorg/gradle/internal/operations/DefaultBuildOperationRunner$ReadableBuildOperationContext;Lorg/gradle/internal/operations/DefaultBuildOperationRunner$BuildOperationExecutionListener;)Ljava/lang/Object;+8
j  org.gradle.internal.operations.DefaultBuildOperationRunner.execute(Lorg/gradle/internal/operations/BuildOperationDescriptor$Builder;Lorg/gradle/internal/operations/BuildOperationState;Lorg/gradle/internal/operations/DefaultBuildOperationRunner$BuildOperationExecution;)Ljava/lang/Object;+141
j  org.gradle.internal.operations.DefaultBuildOperationRunner.execute(Lorg/gradle/internal/operations/BuildOperation;Lorg/gradle/internal/operations/BuildOperationWorker;Lorg/gradle/internal/operations/BuildOperationState;)V+18
j  org.gradle.internal.operations.DefaultBuildOperationRunner.call(Lorg/gradle/internal/operations/CallableBuildOperation;)Ljava/lang/Object;+16
j  org.gradle.internal.operations.DefaultBuildOperationExecutor.call(Lorg/gradle/internal/operations/CallableBuildOperation;)Ljava/lang/Object;+5
j  org.gradle.launcher.exec.RunAsBuildOperationBuildActionExecutor.execute(Lorg/gradle/internal/invocation/BuildAction;Lorg/gradle/internal/session/BuildSessionContext;)Lorg/gradle/internal/buildtree/BuildActionRunner$Result;+23
j  org.gradle.launcher.exec.RunAsWorkerThreadBuildActionExecutor.lambda$execute$0(Lorg/gradle/internal/invocation/BuildAction;Lorg/gradle/internal/session/BuildSessionContext;)Lorg/gradle/internal/buildtree/BuildActionRunner$Result;+6
j  org.gradle.launcher.exec.RunAsWorkerThreadBuildActionExecutor$$Lambda$98+0x000000010027e580.create()Ljava/lang/Object;+12
j  org.gradle.internal.work.DefaultWorkerLeaseService.withLocks(Ljava/lang/Iterable;Lorg/gradle/internal/Factory;)Ljava/lang/Object;+26
j  org.gradle.internal.work.DefaultWorkerLeaseService.runAsWorkerThread(Lorg/gradle/internal/Factory;)Ljava/lang/Object;+33
j  org.gradle.launcher.exec.RunAsWorkerThreadBuildActionExecutor.execute(Lorg/gradle/internal/invocation/BuildAction;Lorg/gradle/internal/session/BuildSessionContext;)Lorg/gradle/internal/buildtree/BuildActionRunner$Result;+12
j  org.gradle.tooling.internal.provider.ContinuousBuildActionExecutor.execute(Lorg/gradle/internal/invocation/BuildAction;Lorg/gradle/internal/session/BuildSessionContext;)Lorg/gradle/internal/buildtree/BuildActionRunner$Result;+58
j  org.gradle.tooling.internal.provider.SubscribableBuildActionExecutor.execute(Lorg/gradle/internal/invocation/BuildAction;Lorg/gradle/internal/session/BuildSessionContext;)Lorg/gradle/internal/buildtree/BuildActionRunner$Result;+30
j  org.gradle.internal.session.DefaultBuildSessionContext.execute(Lorg/gradle/internal/invocation/BuildAction;)Lorg/gradle/internal/buildtree/BuildActionRunner$Result;+64
j  org.gradle.tooling.internal.provider.BuildSessionLifecycleBuildActionExecuter$ActionImpl.apply(Lorg/gradle/internal/session/BuildSessionContext;)Lorg/gradle/launcher/exec/BuildActionResult;+6
j  org.gradle.tooling.internal.provider.BuildSessionLifecycleBuildActionExecuter$ActionImpl.apply(Ljava/lang/Object;)Ljava/lang/Object;+5
j  org.gradle.internal.session.BuildSessionState.run(Ljava/util/function/Function;)Ljava/lang/Object;+5
j  org.gradle.tooling.internal.provider.BuildSessionLifecycleBuildActionExecuter.execute(Lorg/gradle/internal/invocation/BuildAction;Lorg/gradle/launcher/exec/BuildActionParameters;Lorg/gradle/initialization/BuildRequestContext;)Lorg/gradle/launcher/exec/BuildActionResult;+95
j  org.gradle.tooling.internal.provider.BuildSessionLifecycleBuildActionExecuter.execute(Lorg/gradle/internal/invocation/BuildAction;Ljava/lang/Object;Ljava/lang/Object;)Lorg/gradle/launcher/exec/BuildActionResult;+10
j  org.gradle.tooling.internal.provider.StartParamsValidatingActionExecuter.execute(Lorg/gradle/internal/invocation/BuildAction;Lorg/gradle/launcher/exec/BuildActionParameters;Lorg/gradle/initialization/BuildRequestContext;)Lorg/gradle/launcher/exec/BuildActionResult;+177
j  org.gradle.tooling.internal.provider.StartParamsValidatingActionExecuter.execute(Lorg/gradle/internal/invocation/BuildAction;Ljava/lang/Object;Ljava/lang/Object;)Lorg/gradle/launcher/exec/BuildActionResult;+10
j  org.gradle.tooling.internal.provider.SessionFailureReportingActionExecuter.execute(Lorg/gradle/internal/invocation/BuildAction;Lorg/gradle/launcher/exec/BuildActionParameters;Lorg/gradle/initialization/BuildRequestContext;)Lorg/gradle/launcher/exec/BuildActionResult;+7
j  org.gradle.tooling.internal.provider.SessionFailureReportingActionExecuter.execute(Lorg/gradle/internal/invocation/BuildAction;Ljava/lang/Object;Ljava/lang/Object;)Lorg/gradle/launcher/exec/BuildActionResult;+10
j  org.gradle.tooling.internal.provider.SetupLoggingActionExecuter.execute(Lorg/gradle/internal/invocation/BuildAction;Lorg/gradle/launcher/exec/BuildActionParameters;Lorg/gradle/initialization/BuildRequestContext;)Lorg/gradle/launcher/exec/BuildActionResult;+50
j  org.gradle.tooling.internal.provider.SetupLoggingActionExecuter.execute(Lorg/gradle/internal/invocation/BuildAction;Ljava/lang/Object;Ljava/lang/Object;)Lorg/gradle/launcher/exec/BuildActionResult;+10
j  org.gradle.launcher.daemon.server.exec.ExecuteBuild.doBuild(Lorg/gradle/launcher/daemon/server/api/DaemonCommandExecution;Lorg/gradle/launcher/daemon/protocol/Build;)V+117
j  org.gradle.launcher.daemon.server.exec.BuildCommandOnly.execute(Lorg/gradle/launcher/daemon/server/api/DaemonCommandExecution;)V+49
j  org.gradle.launcher.daemon.server.api.DaemonCommandExecution.proceed()Z+23
j  org.gradle.launcher.daemon.server.exec.WatchForDisconnection.execute(Lorg/gradle/launcher/daemon/server/api/DaemonCommandExecution;)V+19
j  org.gradle.launcher.daemon.server.api.DaemonCommandExecution.proceed()Z+23
j  org.gradle.launcher.daemon.server.exec.ResetDeprecationLogger.execute(Lorg/gradle/launcher/daemon/server/api/DaemonCommandExecution;)V+7
j  org.gradle.launcher.daemon.server.api.DaemonCommandExecution.proceed()Z+23
j  org.gradle.launcher.daemon.server.exec.RequestStopIfSingleUsedDaemon.execute(Lorg/gradle/launcher/daemon/server/api/DaemonCommandExecution;)V+33
j  org.gradle.launcher.daemon.server.api.DaemonCommandExecution.proceed()Z+23
j  org.gradle.launcher.daemon.server.exec.ForwardClientInput$2.create()Ljava/lang/Void;+4
j  org.gradle.launcher.daemon.server.exec.ForwardClientInput$2.create()Ljava/lang/Object;+1
j  org.gradle.util.internal.Swapper.swap(Ljava/lang/Object;Lorg/gradle/internal/Factory;)Ljava/lang/Object;+21
j  org.gradle.launcher.daemon.server.exec.ForwardClientInput.execute(Lorg/gradle/launcher/daemon/server/api/DaemonCommandExecution;)V+63
j  org.gradle.launcher.daemon.server.api.DaemonCommandExecution.proceed()Z+23
j  org.gradle.launcher.daemon.server.exec.LogAndCheckHealth.execute(Lorg/gradle/launcher/daemon/server/api/DaemonCommandExecution;)V+28
j  org.gradle.launcher.daemon.server.api.DaemonCommandExecution.proceed()Z+23
j  org.gradle.launcher.daemon.server.exec.LogToClient.doBuild(Lorg/gradle/launcher/daemon/server/api/DaemonCommandExecution;Lorg/gradle/launcher/daemon/protocol/Build;)V+87
j  org.gradle.launcher.daemon.server.exec.BuildCommandOnly.execute(Lorg/gradle/launcher/daemon/server/api/DaemonCommandExecution;)V+49
j  org.gradle.launcher.daemon.server.api.DaemonCommandExecution.proceed()Z+23
j  org.gradle.launcher.daemon.server.exec.EstablishBuildEnvironment.doBuild(Lorg/gradle/launcher/daemon/server/api/DaemonCommandExecution;Lorg/gradle/launcher/daemon/protocol/Build;)V+356
j  org.gradle.launcher.daemon.server.exec.BuildCommandOnly.execute(Lorg/gradle/launcher/daemon/server/api/DaemonCommandExecution;)V+49
j  org.gradle.launcher.daemon.server.api.DaemonCommandExecution.proceed()Z+23
j  org.gradle.launcher.daemon.server.exec.StartBuildOrRespondWithBusy$1.run()V+44
j  org.gradle.launcher.daemon.server.DaemonStateCoordinator$1.run()V+4
j  org.gradle.internal.concurrent.ExecutorPolicy$CatchAndRecordFailures.onExecute(Ljava/lang/Runnable;)V+1
j  org.gradle.internal.concurrent.ManagedExecutorImpl$1.run()V+25
j  java.util.concurrent.ThreadPoolExecutor.runWorker(Ljava/util/concurrent/ThreadPoolExecutor$Worker;)V+92 java.base@17.0.6
j  java.util.concurrent.ThreadPoolExecutor$Worker.run()V+5 java.base@17.0.6
j  java.lang.Thread.run()V+11 java.base@17.0.6
v  ~StubRoutines::call_stub

---------------  P R O C E S S  ---------------

Threads class SMR info:
_java_thread_list=0x0000017073e281d0, length=23, elements={
0x0000017055ae1170, 0x0000017071913250, 0x00000170719143a0, 0x0000017072413ee0,
0x00000170724147a0, 0x0000017071917c00, 0x0000017071918c60, 0x000001707191d4f0,
0x000001707191e730, 0x0000017072434ba0, 0x00000170725a67e0, 0x00000170725ab0d0,
0x000001707382d6e0, 0x0000017073cb2c90, 0x0000017073400230, 0x0000017073deb2e0,
0x0000017073160630, 0x0000017074962ad0, 0x0000017072d46e50, 0x0000017072d494d0,
0x0000017072d4a810, 0x0000017072d48190, 0x0000017072d48660
}

Java Threads: ( => current thread )
  0x0000017055ae1170 JavaThread "main" [_thread_blocked, id=19344, stack(0x00000060f6a00000,0x00000060f6b00000)]
  0x0000017071913250 JavaThread "Reference Handler" daemon [_thread_blocked, id=8056, stack(0x00000060f7100000,0x00000060f7200000)]
  0x00000170719143a0 JavaThread "Finalizer" daemon [_thread_blocked, id=7128, stack(0x00000060f7200000,0x00000060f7300000)]
  0x0000017072413ee0 JavaThread "Signal Dispatcher" daemon [_thread_blocked, id=6880, stack(0x00000060f7300000,0x00000060f7400000)]
  0x00000170724147a0 JavaThread "Attach Listener" daemon [_thread_blocked, id=13804, stack(0x00000060f7400000,0x00000060f7500000)]
  0x0000017071917c00 JavaThread "Service Thread" daemon [_thread_blocked, id=13092, stack(0x00000060f7500000,0x00000060f7600000)]
  0x0000017071918c60 JavaThread "Monitor Deflation Thread" daemon [_thread_blocked, id=2860, stack(0x00000060f7600000,0x00000060f7700000)]
  0x000001707191d4f0 JavaThread "C2 CompilerThread0" daemon [_thread_blocked, id=8264, stack(0x00000060f7700000,0x00000060f7800000)]
  0x000001707191e730 JavaThread "C1 CompilerThread0" daemon [_thread_blocked, id=4672, stack(0x00000060f7800000,0x00000060f7900000)]
  0x0000017072434ba0 JavaThread "Sweeper thread" daemon [_thread_blocked, id=19972, stack(0x00000060f7900000,0x00000060f7a00000)]
  0x00000170725a67e0 JavaThread "Common-Cleaner" daemon [_thread_blocked, id=7896, stack(0x00000060f7a00000,0x00000060f7b00000)]
  0x00000170725ab0d0 JavaThread "Notification Thread" daemon [_thread_blocked, id=17360, stack(0x00000060f7b00000,0x00000060f7c00000)]
  0x000001707382d6e0 JavaThread "Daemon health stats" [_thread_blocked, id=7264, stack(0x00000060f8200000,0x00000060f8300000)]
  0x0000017073cb2c90 JavaThread "Incoming local TCP Connector on port 23628" [_thread_in_native, id=1528, stack(0x00000060f7d00000,0x00000060f7e00000)]
  0x0000017073400230 JavaThread "Daemon periodic checks" [_thread_blocked, id=19736, stack(0x00000060f8300000,0x00000060f8400000)]
  0x0000017073deb2e0 JavaThread "C2 CompilerThread1" daemon [_thread_blocked, id=17596, stack(0x00000060f8400000,0x00000060f8500000)]
  0x0000017073160630 JavaThread "Daemon" [_thread_blocked, id=9468, stack(0x00000060f8500000,0x00000060f8600000)]
  0x0000017074962ad0 JavaThread "Handler for socket connection from /127.0.0.1:23628 to /127.0.0.1:23629" [_thread_in_native, id=19096, stack(0x00000060f8600000,0x00000060f8700000)]
  0x0000017072d46e50 JavaThread "Cancel handler" [_thread_blocked, id=18396, stack(0x00000060f8700000,0x00000060f8800000)]
=>0x0000017072d494d0 JavaThread "Daemon worker" [_thread_in_vm, id=16944, stack(0x00000060f8800000,0x00000060f8900000)]
  0x0000017072d4a810 JavaThread "Asynchronous log dispatcher for DefaultDaemonConnection: socket connection from /127.0.0.1:23628 to /127.0.0.1:23629" [_thread_blocked, id=1276, stack(0x00000060f8900000,0x00000060f8a00000)]
  0x0000017072d48190 JavaThread "Stdin handler" [_thread_blocked, id=13776, stack(0x00000060f8a00000,0x00000060f8b00000)]
  0x0000017072d48660 JavaThread "Daemon client event forwarder" [_thread_blocked, id=16312, stack(0x00000060f8b00000,0x00000060f8c00000)]

Other Threads:
  0x00000170718f0a20 VMThread "VM Thread" [stack: 0x00000060f7000000,0x00000060f7100000] [id=14604]
  0x00000170725ab9a0 WatcherThread [stack: 0x00000060f7c00000,0x00000060f7d00000] [id=13708]
  0x0000017055b3d890 GCTaskThread "GC Thread#0" [stack: 0x00000060f6b00000,0x00000060f6c00000] [id=3720]
  0x0000017072cb8820 GCTaskThread "GC Thread#1" [stack: 0x00000060f7e00000,0x00000060f7f00000] [id=19816]
  0x0000017073166a70 GCTaskThread "GC Thread#2" [stack: 0x00000060f7f00000,0x00000060f8000000] [id=10212]
  0x0000017072989500 GCTaskThread "GC Thread#3" [stack: 0x00000060f8000000,0x00000060f8100000] [id=10852]
  0x0000017072a747e0 GCTaskThread "GC Thread#4" [stack: 0x00000060f8100000,0x00000060f8200000] [id=11216]
  0x0000017055b4e6d0 ConcurrentGCThread "G1 Main Marker" [stack: 0x00000060f6c00000,0x00000060f6d00000] [id=8932]
  0x0000017055b4efe0 ConcurrentGCThread "G1 Conc#0" [stack: 0x00000060f6d00000,0x00000060f6e00000] [id=7528]
  0x0000017055ba7f10 ConcurrentGCThread "G1 Refine#0" [stack: 0x00000060f6e00000,0x00000060f6f00000] [id=7856]
  0x0000017055ba8830 ConcurrentGCThread "G1 Service" [stack: 0x00000060f6f00000,0x00000060f7000000] [id=17220]

Threads with active compile tasks:

VM state: not at safepoint (normal execution)

VM Mutex/Monitor currently owned by a thread:  ([mutex/lock_event])
[0x0000017055adc2f0] Metaspace_lock - owner thread: 0x0000017072d494d0

Heap address: 0x0000000080000000, size: 2048 MB, Compressed Oops mode: 32-bit

CDS archive(s) not mapped
Compressed class space mapped at: 0x0000000100000000-0x0000000140000000, reserved size: 1073741824
Narrow klass base: 0x0000000000000000, Narrow klass shift: 3, Narrow klass range: 0x140000000

GC Precious Log:
 CPUs: 8 total, 8 available
 Memory: 8042M
 Large Page Support: Disabled
 NUMA Support: Disabled
 Compressed Oops: Enabled (32-bit)
 Heap Region Size: 1M
 Heap Min Capacity: 8M
 Heap Initial Capacity: 126M
 Heap Max Capacity: 2G
 Pre-touch: Disabled
 Parallel Workers: 8
 Concurrent Workers: 2
 Concurrent Refinement Workers: 8
 Periodic GC: Disabled

Heap:
 garbage-first heap   total 129024K, used 50247K [0x0000000080000000, 0x0000000100000000)
  region size 1024K, 41 young (41984K), 4 survivors (4096K)
 Metaspace       used 20887K, committed 21120K, reserved 1073152K
  class space    used 2598K, committed 2688K, reserved 1048576K

Heap Regions: E=young(eden), S=young(survivor), O=old, HS=humongous(starts), HC=humongous(continues), CS=collection set, F=free, OA=open archive, CA=closed archive, TAMS=top-at-mark-start (previous, next)
|   0|0x0000000080000000, 0x0000000080000000, 0x0000000080100000|  0%| F|  |TAMS 0x0000000080000000, 0x0000000080000000| Untracked 
|   1|0x0000000080100000, 0x0000000080200000, 0x0000000080200000|100%| O|  |TAMS 0x0000000080100000, 0x0000000080100000| Untracked 
|   2|0x0000000080200000, 0x0000000080300000, 0x0000000080300000|100%| O|  |TAMS 0x0000000080200000, 0x0000000080200000| Untracked 
|   3|0x0000000080300000, 0x0000000080400000, 0x0000000080400000|100%|HS|  |TAMS 0x0000000080300000, 0x0000000080300000| Complete 
|   4|0x0000000080400000, 0x0000000080500000, 0x0000000080500000|100%|HC|  |TAMS 0x0000000080400000, 0x0000000080400000| Complete 
|   5|0x0000000080500000, 0x0000000080600000, 0x0000000080600000|100%|HC|  |TAMS 0x0000000080500000, 0x0000000080500000| Complete 
|   6|0x0000000080600000, 0x0000000080700000, 0x0000000080700000|100%| O|  |TAMS 0x0000000080600000, 0x0000000080600000| Untracked 
|   7|0x0000000080700000, 0x0000000080800000, 0x0000000080800000|100%| O|  |TAMS 0x0000000080700000, 0x0000000080700000| Untracked 
|   8|0x0000000080800000, 0x0000000080900000, 0x0000000080900000|100%| O|  |TAMS 0x0000000080800000, 0x0000000080800000| Untracked 
|   9|0x0000000080900000, 0x0000000080a00000, 0x0000000080a00000|100%| O|  |TAMS 0x0000000080900000, 0x0000000080900000| Untracked 
|  10|0x0000000080a00000, 0x0000000080a11c00, 0x0000000080b00000|  6%| O|  |TAMS 0x0000000080a00000, 0x0000000080a00000| Untracked 
|  11|0x0000000080b00000, 0x0000000080b00000, 0x0000000080c00000|  0%| F|  |TAMS 0x0000000080b00000, 0x0000000080b00000| Untracked 
|  12|0x0000000080c00000, 0x0000000080c00000, 0x0000000080d00000|  0%| F|  |TAMS 0x0000000080c00000, 0x0000000080c00000| Untracked 
|  13|0x0000000080d00000, 0x0000000080d00000, 0x0000000080e00000|  0%| F|  |TAMS 0x0000000080d00000, 0x0000000080d00000| Untracked 
|  14|0x0000000080e00000, 0x0000000080e00000, 0x0000000080f00000|  0%| F|  |TAMS 0x0000000080e00000, 0x0000000080e00000| Untracked 
|  15|0x0000000080f00000, 0x0000000080f00000, 0x0000000081000000|  0%| F|  |TAMS 0x0000000080f00000, 0x0000000080f00000| Untracked 
|  16|0x0000000081000000, 0x0000000081000000, 0x0000000081100000|  0%| F|  |TAMS 0x0000000081000000, 0x0000000081000000| Untracked 
|  17|0x0000000081100000, 0x0000000081100000, 0x0000000081200000|  0%| F|  |TAMS 0x0000000081100000, 0x0000000081100000| Untracked 
|  18|0x0000000081200000, 0x0000000081200000, 0x0000000081300000|  0%| F|  |TAMS 0x0000000081200000, 0x0000000081200000| Untracked 
|  19|0x0000000081300000, 0x0000000081300000, 0x0000000081400000|  0%| F|  |TAMS 0x0000000081300000, 0x0000000081300000| Untracked 
|  20|0x0000000081400000, 0x0000000081400000, 0x0000000081500000|  0%| F|  |TAMS 0x0000000081400000, 0x0000000081400000| Untracked 
|  21|0x0000000081500000, 0x0000000081500000, 0x0000000081600000|  0%| F|  |TAMS 0x0000000081500000, 0x0000000081500000| Untracked 
|  22|0x0000000081600000, 0x0000000081600000, 0x0000000081700000|  0%| F|  |TAMS 0x0000000081600000, 0x0000000081600000| Untracked 
|  23|0x0000000081700000, 0x0000000081700000, 0x0000000081800000|  0%| F|  |TAMS 0x0000000081700000, 0x0000000081700000| Untracked 
|  24|0x0000000081800000, 0x0000000081800000, 0x0000000081900000|  0%| F|  |TAMS 0x0000000081800000, 0x0000000081800000| Untracked 
|  25|0x0000000081900000, 0x0000000081900000, 0x0000000081a00000|  0%| F|  |TAMS 0x0000000081900000, 0x0000000081900000| Untracked 
|  26|0x0000000081a00000, 0x0000000081a00000, 0x0000000081b00000|  0%| F|  |TAMS 0x0000000081a00000, 0x0000000081a00000| Untracked 
|  27|0x0000000081b00000, 0x0000000081b00000, 0x0000000081c00000|  0%| F|  |TAMS 0x0000000081b00000, 0x0000000081b00000| Untracked 
|  28|0x0000000081c00000, 0x0000000081c00000, 0x0000000081d00000|  0%| F|  |TAMS 0x0000000081c00000, 0x0000000081c00000| Untracked 
|  29|0x0000000081d00000, 0x0000000081d00000, 0x0000000081e00000|  0%| F|  |TAMS 0x0000000081d00000, 0x0000000081d00000| Untracked 
|  30|0x0000000081e00000, 0x0000000081e00000, 0x0000000081f00000|  0%| F|  |TAMS 0x0000000081e00000, 0x0000000081e00000| Untracked 
|  31|0x0000000081f00000, 0x0000000081f00000, 0x0000000082000000|  0%| F|  |TAMS 0x0000000081f00000, 0x0000000081f00000| Untracked 
|  32|0x0000000082000000, 0x0000000082000000, 0x0000000082100000|  0%| F|  |TAMS 0x0000000082000000, 0x0000000082000000| Untracked 
|  33|0x0000000082100000, 0x0000000082100000, 0x0000000082200000|  0%| F|  |TAMS 0x0000000082100000, 0x0000000082100000| Untracked 
|  34|0x0000000082200000, 0x0000000082200000, 0x0000000082300000|  0%| F|  |TAMS 0x0000000082200000, 0x0000000082200000| Untracked 
|  35|0x0000000082300000, 0x0000000082300000, 0x0000000082400000|  0%| F|  |TAMS 0x0000000082300000, 0x0000000082300000| Untracked 
|  36|0x0000000082400000, 0x0000000082400000, 0x0000000082500000|  0%| F|  |TAMS 0x0000000082400000, 0x0000000082400000| Untracked 
|  37|0x0000000082500000, 0x0000000082500000, 0x0000000082600000|  0%| F|  |TAMS 0x0000000082500000, 0x0000000082500000| Untracked 
|  38|0x0000000082600000, 0x0000000082600000, 0x0000000082700000|  0%| F|  |TAMS 0x0000000082600000, 0x0000000082600000| Untracked 
|  39|0x0000000082700000, 0x0000000082700000, 0x0000000082800000|  0%| F|  |TAMS 0x0000000082700000, 0x0000000082700000| Untracked 
|  40|0x0000000082800000, 0x0000000082800000, 0x0000000082900000|  0%| F|  |TAMS 0x0000000082800000, 0x0000000082800000| Untracked 
|  41|0x0000000082900000, 0x0000000082900000, 0x0000000082a00000|  0%| F|  |TAMS 0x0000000082900000, 0x0000000082900000| Untracked 
|  42|0x0000000082a00000, 0x0000000082a00000, 0x0000000082b00000|  0%| F|  |TAMS 0x0000000082a00000, 0x0000000082a00000| Untracked 
|  43|0x0000000082b00000, 0x0000000082b00000, 0x0000000082c00000|  0%| F|  |TAMS 0x0000000082b00000, 0x0000000082b00000| Untracked 
|  44|0x0000000082c00000, 0x0000000082c00000, 0x0000000082d00000|  0%| F|  |TAMS 0x0000000082c00000, 0x0000000082c00000| Untracked 
|  45|0x0000000082d00000, 0x0000000082d00000, 0x0000000082e00000|  0%| F|  |TAMS 0x0000000082d00000, 0x0000000082d00000| Untracked 
|  46|0x0000000082e00000, 0x0000000082e00000, 0x0000000082f00000|  0%| F|  |TAMS 0x0000000082e00000, 0x0000000082e00000| Untracked 
|  47|0x0000000082f00000, 0x0000000082f00000, 0x0000000083000000|  0%| F|  |TAMS 0x0000000082f00000, 0x0000000082f00000| Untracked 
|  48|0x0000000083000000, 0x0000000083000000, 0x0000000083100000|  0%| F|  |TAMS 0x0000000083000000, 0x0000000083000000| Untracked 
|  49|0x0000000083100000, 0x0000000083100000, 0x0000000083200000|  0%| F|  |TAMS 0x0000000083100000, 0x0000000083100000| Untracked 
|  50|0x0000000083200000, 0x0000000083200000, 0x0000000083300000|  0%| F|  |TAMS 0x0000000083200000, 0x0000000083200000| Untracked 
|  51|0x0000000083300000, 0x0000000083300000, 0x0000000083400000|  0%| F|  |TAMS 0x0000000083300000, 0x0000000083300000| Untracked 
|  52|0x0000000083400000, 0x0000000083400000, 0x0000000083500000|  0%| F|  |TAMS 0x0000000083400000, 0x0000000083400000| Untracked 
|  53|0x0000000083500000, 0x0000000083500000, 0x0000000083600000|  0%| F|  |TAMS 0x0000000083500000, 0x0000000083500000| Untracked 
|  54|0x0000000083600000, 0x0000000083600000, 0x0000000083700000|  0%| F|  |TAMS 0x0000000083600000, 0x0000000083600000| Untracked 
|  55|0x0000000083700000, 0x0000000083700000, 0x0000000083800000|  0%| F|  |TAMS 0x0000000083700000, 0x0000000083700000| Untracked 
|  56|0x0000000083800000, 0x0000000083800000, 0x0000000083900000|  0%| F|  |TAMS 0x0000000083800000, 0x0000000083800000| Untracked 
|  57|0x0000000083900000, 0x0000000083900000, 0x0000000083a00000|  0%| F|  |TAMS 0x0000000083900000, 0x0000000083900000| Untracked 
|  58|0x0000000083a00000, 0x0000000083a00000, 0x0000000083b00000|  0%| F|  |TAMS 0x0000000083a00000, 0x0000000083a00000| Untracked 
|  59|0x0000000083b00000, 0x0000000083b00000, 0x0000000083c00000|  0%| F|  |TAMS 0x0000000083b00000, 0x0000000083b00000| Untracked 
|  60|0x0000000083c00000, 0x0000000083c00000, 0x0000000083d00000|  0%| F|  |TAMS 0x0000000083c00000, 0x0000000083c00000| Untracked 
|  61|0x0000000083d00000, 0x0000000083d00000, 0x0000000083e00000|  0%| F|  |TAMS 0x0000000083d00000, 0x0000000083d00000| Untracked 
|  62|0x0000000083e00000, 0x0000000083e00000, 0x0000000083f00000|  0%| F|  |TAMS 0x0000000083e00000, 0x0000000083e00000| Untracked 
|  63|0x0000000083f00000, 0x0000000083f00000, 0x0000000084000000|  0%| F|  |TAMS 0x0000000083f00000, 0x0000000083f00000| Untracked 
|  64|0x0000000084000000, 0x0000000084000000, 0x0000000084100000|  0%| F|  |TAMS 0x0000000084000000, 0x0000000084000000| Untracked 
|  65|0x0000000084100000, 0x0000000084100000, 0x0000000084200000|  0%| F|  |TAMS 0x0000000084100000, 0x0000000084100000| Untracked 
|  66|0x0000000084200000, 0x0000000084200000, 0x0000000084300000|  0%| F|  |TAMS 0x0000000084200000, 0x0000000084200000| Untracked 
|  67|0x0000000084300000, 0x0000000084300000, 0x0000000084400000|  0%| F|  |TAMS 0x0000000084300000, 0x0000000084300000| Untracked 
|  68|0x0000000084400000, 0x0000000084400000, 0x0000000084500000|  0%| F|  |TAMS 0x0000000084400000, 0x0000000084400000| Untracked 
|  69|0x0000000084500000, 0x0000000084500000, 0x0000000084600000|  0%| F|  |TAMS 0x0000000084500000, 0x0000000084500000| Untracked 
|  70|0x0000000084600000, 0x0000000084600000, 0x0000000084700000|  0%| F|  |TAMS 0x0000000084600000, 0x0000000084600000| Untracked 
|  71|0x0000000084700000, 0x0000000084700000, 0x0000000084800000|  0%| F|  |TAMS 0x0000000084700000, 0x0000000084700000| Untracked 
|  72|0x0000000084800000, 0x0000000084800000, 0x0000000084900000|  0%| F|  |TAMS 0x0000000084800000, 0x0000000084800000| Untracked 
|  73|0x0000000084900000, 0x0000000084900000, 0x0000000084a00000|  0%| F|  |TAMS 0x0000000084900000, 0x0000000084900000| Untracked 
|  74|0x0000000084a00000, 0x0000000084a00000, 0x0000000084b00000|  0%| F|  |TAMS 0x0000000084a00000, 0x0000000084a00000| Untracked 
|  75|0x0000000084b00000, 0x0000000084b00000, 0x0000000084c00000|  0%| F|  |TAMS 0x0000000084b00000, 0x0000000084b00000| Untracked 
|  76|0x0000000084c00000, 0x0000000084c00000, 0x0000000084d00000|  0%| F|  |TAMS 0x0000000084c00000, 0x0000000084c00000| Untracked 
|  77|0x0000000084d00000, 0x0000000084d00000, 0x0000000084e00000|  0%| F|  |TAMS 0x0000000084d00000, 0x0000000084d00000| Untracked 
|  78|0x0000000084e00000, 0x0000000084e00000, 0x0000000084f00000|  0%| F|  |TAMS 0x0000000084e00000, 0x0000000084e00000| Untracked 
|  79|0x0000000084f00000, 0x0000000084f00000, 0x0000000085000000|  0%| F|  |TAMS 0x0000000084f00000, 0x0000000084f00000| Untracked 
|  80|0x0000000085000000, 0x0000000085000000, 0x0000000085100000|  0%| F|  |TAMS 0x0000000085000000, 0x0000000085000000| Untracked 
|  81|0x0000000085100000, 0x0000000085100000, 0x0000000085200000|  0%| F|  |TAMS 0x0000000085100000, 0x0000000085100000| Untracked 
|  82|0x0000000085200000, 0x0000000085200000, 0x0000000085300000|  0%| F|  |TAMS 0x0000000085200000, 0x0000000085200000| Untracked 
|  83|0x0000000085300000, 0x0000000085300000, 0x0000000085400000|  0%| F|  |TAMS 0x0000000085300000, 0x0000000085300000| Untracked 
|  84|0x0000000085400000, 0x0000000085400000, 0x0000000085500000|  0%| F|  |TAMS 0x0000000085400000, 0x0000000085400000| Untracked 
|  85|0x0000000085500000, 0x0000000085600000, 0x0000000085600000|100%| E|  |TAMS 0x0000000085500000, 0x0000000085500000| Complete 
|  86|0x0000000085600000, 0x0000000085700000, 0x0000000085700000|100%| E|CS|TAMS 0x0000000085600000, 0x0000000085600000| Complete 
|  87|0x0000000085700000, 0x0000000085800000, 0x0000000085800000|100%| E|CS|TAMS 0x0000000085700000, 0x0000000085700000| Complete 
|  88|0x0000000085800000, 0x0000000085900000, 0x0000000085900000|100%| E|CS|TAMS 0x0000000085800000, 0x0000000085800000| Complete 
|  89|0x0000000085900000, 0x0000000085a00000, 0x0000000085a00000|100%| E|CS|TAMS 0x0000000085900000, 0x0000000085900000| Complete 
|  90|0x0000000085a00000, 0x0000000085b00000, 0x0000000085b00000|100%| S|CS|TAMS 0x0000000085a00000, 0x0000000085a00000| Complete 
|  91|0x0000000085b00000, 0x0000000085c00000, 0x0000000085c00000|100%| S|CS|TAMS 0x0000000085b00000, 0x0000000085b00000| Complete 
|  92|0x0000000085c00000, 0x0000000085d00000, 0x0000000085d00000|100%| S|CS|TAMS 0x0000000085c00000, 0x0000000085c00000| Complete 
|  93|0x0000000085d00000, 0x0000000085e00000, 0x0000000085e00000|100%| S|CS|TAMS 0x0000000085d00000, 0x0000000085d00000| Complete 
|  94|0x0000000085e00000, 0x0000000085f00000, 0x0000000085f00000|100%| E|CS|TAMS 0x0000000085e00000, 0x0000000085e00000| Complete 
|  95|0x0000000085f00000, 0x0000000086000000, 0x0000000086000000|100%| E|CS|TAMS 0x0000000085f00000, 0x0000000085f00000| Complete 
|  96|0x0000000086000000, 0x0000000086100000, 0x0000000086100000|100%| E|CS|TAMS 0x0000000086000000, 0x0000000086000000| Complete 
|  97|0x0000000086100000, 0x0000000086200000, 0x0000000086200000|100%| E|CS|TAMS 0x0000000086100000, 0x0000000086100000| Complete 
|  98|0x0000000086200000, 0x0000000086300000, 0x0000000086300000|100%| E|CS|TAMS 0x0000000086200000, 0x0000000086200000| Complete 
|  99|0x0000000086300000, 0x0000000086400000, 0x0000000086400000|100%| E|CS|TAMS 0x0000000086300000, 0x0000000086300000| Complete 
| 100|0x0000000086400000, 0x0000000086500000, 0x0000000086500000|100%| E|CS|TAMS 0x0000000086400000, 0x0000000086400000| Complete 
| 101|0x0000000086500000, 0x0000000086600000, 0x0000000086600000|100%| E|CS|TAMS 0x0000000086500000, 0x0000000086500000| Complete 
| 102|0x0000000086600000, 0x0000000086700000, 0x0000000086700000|100%| E|CS|TAMS 0x0000000086600000, 0x0000000086600000| Complete 
| 103|0x0000000086700000, 0x0000000086800000, 0x0000000086800000|100%| E|CS|TAMS 0x0000000086700000, 0x0000000086700000| Complete 
| 104|0x0000000086800000, 0x0000000086900000, 0x0000000086900000|100%| E|CS|TAMS 0x0000000086800000, 0x0000000086800000| Complete 
| 105|0x0000000086900000, 0x0000000086a00000, 0x0000000086a00000|100%| E|CS|TAMS 0x0000000086900000, 0x0000000086900000| Complete 
| 106|0x0000000086a00000, 0x0000000086b00000, 0x0000000086b00000|100%| E|CS|TAMS 0x0000000086a00000, 0x0000000086a00000| Complete 
| 107|0x0000000086b00000, 0x0000000086c00000, 0x0000000086c00000|100%| E|CS|TAMS 0x0000000086b00000, 0x0000000086b00000| Complete 
| 108|0x0000000086c00000, 0x0000000086d00000, 0x0000000086d00000|100%| E|CS|TAMS 0x0000000086c00000, 0x0000000086c00000| Complete 
| 109|0x0000000086d00000, 0x0000000086e00000, 0x0000000086e00000|100%| E|CS|TAMS 0x0000000086d00000, 0x0000000086d00000| Complete 
| 110|0x0000000086e00000, 0x0000000086f00000, 0x0000000086f00000|100%| E|CS|TAMS 0x0000000086e00000, 0x0000000086e00000| Complete 
| 111|0x0000000086f00000, 0x0000000087000000, 0x0000000087000000|100%| E|CS|TAMS 0x0000000086f00000, 0x0000000086f00000| Complete 
| 112|0x0000000087000000, 0x0000000087100000, 0x0000000087100000|100%| E|CS|TAMS 0x0000000087000000, 0x0000000087000000| Complete 
| 113|0x0000000087100000, 0x0000000087200000, 0x0000000087200000|100%| E|CS|TAMS 0x0000000087100000, 0x0000000087100000| Complete 
| 114|0x0000000087200000, 0x0000000087300000, 0x0000000087300000|100%| E|CS|TAMS 0x0000000087200000, 0x0000000087200000| Complete 
| 115|0x0000000087300000, 0x0000000087400000, 0x0000000087400000|100%| E|CS|TAMS 0x0000000087300000, 0x0000000087300000| Complete 
| 116|0x0000000087400000, 0x0000000087500000, 0x0000000087500000|100%| E|CS|TAMS 0x0000000087400000, 0x0000000087400000| Complete 
| 117|0x0000000087500000, 0x0000000087600000, 0x0000000087600000|100%| E|CS|TAMS 0x0000000087500000, 0x0000000087500000| Complete 
| 118|0x0000000087600000, 0x0000000087700000, 0x0000000087700000|100%| E|CS|TAMS 0x0000000087600000, 0x0000000087600000| Complete 
| 119|0x0000000087700000, 0x0000000087800000, 0x0000000087800000|100%| E|CS|TAMS 0x0000000087700000, 0x0000000087700000| Complete 
| 120|0x0000000087800000, 0x0000000087900000, 0x0000000087900000|100%| E|CS|TAMS 0x0000000087800000, 0x0000000087800000| Complete 
| 121|0x0000000087900000, 0x0000000087a00000, 0x0000000087a00000|100%| E|CS|TAMS 0x0000000087900000, 0x0000000087900000| Complete 
| 122|0x0000000087a00000, 0x0000000087b00000, 0x0000000087b00000|100%| E|CS|TAMS 0x0000000087a00000, 0x0000000087a00000| Complete 
| 123|0x0000000087b00000, 0x0000000087c00000, 0x0000000087c00000|100%| E|CS|TAMS 0x0000000087b00000, 0x0000000087b00000| Complete 
| 124|0x0000000087c00000, 0x0000000087d00000, 0x0000000087d00000|100%| E|CS|TAMS 0x0000000087c00000, 0x0000000087c00000| Complete 
| 125|0x0000000087d00000, 0x0000000087e00000, 0x0000000087e00000|100%| E|CS|TAMS 0x0000000087d00000, 0x0000000087d00000| Complete 

Card table byte_map: [0x000001706a600000,0x000001706aa00000] _byte_map_base: 0x000001706a200000

Marking Bits (Prev, Next): (CMBitMap*) 0x0000017055b3dda0, (CMBitMap*) 0x0000017055b3dde0
 Prev Bits: [0x000001706ae00000, 0x000001706ce00000)
 Next Bits: [0x000001706ce00000, 0x000001706ee00000)

Polling page: 0x0000017055bb0000

Metaspace:

Usage:
  Non-class:     17.86 MB used.
      Class:      2.54 MB used.
       Both:     20.40 MB used.

Virtual space:
  Non-class space:       24.00 MB reserved,      18.00 MB ( 75%) committed,  3 nodes.
      Class space:        1.00 GB reserved,       2.62 MB ( <1%) committed,  1 nodes.
             Both:        1.02 GB reserved,      20.62 MB (  2%) committed. 

Chunk freelists:
   Non-Class:  2.03 MB
       Class:  1.37 MB
        Both:  3.40 MB

MaxMetaspaceSize: unlimited
CompressedClassSpaceSize: 1.00 GB
Initial GC threshold: 21.00 MB
Current GC threshold: 21.00 MB
CDS: off
MetaspaceReclaimPolicy: balanced
 - commit_granule_bytes: 65536.
 - commit_granule_words: 8192.
 - virtual_space_node_default_size: 1048576.
 - enlarge_chunks_in_place: 1.
 - new_chunks_are_fully_committed: 0.
 - uncommit_free_chunks: 1.
 - use_allocation_guard: 0.
 - handle_deallocations: 1.


Internal statistics:

num_allocs_failed_limit: 0.
num_arena_births: 120.
num_arena_deaths: 0.
num_vsnodes_births: 4.
num_vsnodes_deaths: 0.
num_space_committed: 330.
num_space_uncommitted: 0.
num_chunks_returned_to_freelist: 0.
num_chunks_taken_from_freelist: 473.
num_chunk_merges: 0.
num_chunk_splits: 321.
num_chunks_enlarged: 243.
num_purges: 0.
num_inconsistent_stats: 0.

CodeHeap 'non-profiled nmethods': size=120000Kb used=987Kb max_used=987Kb free=119012Kb
 bounds [0x0000017062270000, 0x00000170624e0000, 0x00000170697a0000]
CodeHeap 'profiled nmethods': size=120000Kb used=3751Kb max_used=3751Kb free=116248Kb
 bounds [0x000001705a7a0000, 0x000001705ab50000, 0x0000017061cd0000]
CodeHeap 'non-nmethods': size=5760Kb used=1200Kb max_used=1237Kb free=4559Kb
 bounds [0x0000017061cd0000, 0x0000017061f40000, 0x0000017062270000]
 total_blobs=2430 nmethods=1924 adapters=419
 compilation: enabled
              stopped_count=0, restarted_count=0
 full_count=0

Compilation events (20 events):
Event: 3.501 Thread 0x000001707191e730 1916       3       java.lang.reflect.Modifier::isPrivate (12 bytes)
Event: 3.502 Thread 0x000001707191e730 nmethod 1916 0x000001705ab46710 code [0x000001705ab468a0, 0x000001705ab469f8]
Event: 3.506 Thread 0x000001707191e730 1918       3       java.nio.ByteBuffer::limit (6 bytes)
Event: 3.507 Thread 0x000001707191e730 nmethod 1918 0x000001705ab46a90 code [0x000001705ab46c40, 0x000001705ab46e08]
Event: 3.507 Thread 0x000001707191e730 1919       3       org.gradle.internal.service.DefaultServiceRegistry$ClassInspector$ClassDetails::locateAnnotation (44 bytes)
Event: 3.507 Thread 0x000001707191e730 nmethod 1919 0x000001705ab46e90 code [0x000001705ab470c0, 0x000001705ab479d8]
Event: 3.507 Thread 0x000001707191e730 1920       3       java.lang.reflect.Constructor::newInstanceWithCaller (75 bytes)
Event: 3.508 Thread 0x000001707191d4f0 1922       4       java.util.HashMap$HashIterator::nextNode (100 bytes)
Event: 3.508 Thread 0x000001707191e730 nmethod 1920 0x000001705ab47c90 code [0x000001705ab47e80, 0x000001705ab48278]
Event: 3.508 Thread 0x000001707191e730 1921       3       jdk.internal.reflect.DelegatingConstructorAccessorImpl::newInstance (9 bytes)
Event: 3.508 Thread 0x000001707191e730 nmethod 1921 0x000001705ab48410 code [0x000001705ab485c0, 0x000001705ab48788]
Event: 3.508 Thread 0x000001707191e730 1923       3       java.lang.reflect.Constructor::newInstance (34 bytes)
Event: 3.509 Thread 0x000001707191e730 nmethod 1923 0x000001705ab48890 code [0x000001705ab48a40, 0x000001705ab48c78]
Event: 3.509 Thread 0x000001707191e730 1924       3       sun.reflect.generics.parser.SignatureParser::mark (9 bytes)
Event: 3.509 Thread 0x000001707191e730 nmethod 1924 0x000001705ab48d90 code [0x000001705ab48f20, 0x000001705ab49038]
Event: 3.509 Thread 0x000001707191e730 1925       3       sun.reflect.generics.parser.SignatureParser::markToCurrent (16 bytes)
Event: 3.509 Thread 0x000001707191e730 nmethod 1925 0x000001705ab49110 code [0x000001705ab492c0, 0x000001705ab49408]
Event: 3.509 Thread 0x000001707191e730 1926       3       jdk.internal.reflect.ByteVectorImpl::getLength (7 bytes)
Event: 3.509 Thread 0x000001707191e730 nmethod 1926 0x000001705ab49510 code [0x000001705ab496a0, 0x000001705ab497b8]
Event: 3.509 Thread 0x000001707191e730 1927       3       jdk.internal.reflect.ByteVectorImpl::get (26 bytes)

GC Heap History (4 events):
Event: 1.070 GC heap before
{Heap before GC invocations=0 (full 0):
 garbage-first heap   total 129024K, used 28672K [0x0000000080000000, 0x0000000100000000)
  region size 1024K, 23 young (23552K), 0 survivors (0K)
 Metaspace       used 10237K, committed 10432K, reserved 1064960K
  class space    used 1061K, committed 1152K, reserved 1048576K
}
Event: 1.076 GC heap after
{Heap after GC invocations=1 (full 0):
 garbage-first heap   total 129024K, used 8993K [0x0000000080000000, 0x0000000100000000)
  region size 1024K, 3 young (3072K), 3 survivors (3072K)
 Metaspace       used 10237K, committed 10432K, reserved 1064960K
  class space    used 1061K, committed 1152K, reserved 1048576K
}
Event: 1.641 GC heap before
{Heap before GC invocations=1 (full 0):
 garbage-first heap   total 129024K, used 38689K [0x0000000080000000, 0x0000000100000000)
  region size 1024K, 32 young (32768K), 3 survivors (3072K)
 Metaspace       used 11177K, committed 11328K, reserved 1064960K
  class space    used 1165K, committed 1280K, reserved 1048576K
}
Event: 1.649 GC heap after
{Heap after GC invocations=2 (full 0):
 garbage-first heap   total 129024K, used 13383K [0x0000000080000000, 0x0000000100000000)
  region size 1024K, 4 young (4096K), 4 survivors (4096K)
 Metaspace       used 11177K, committed 11328K, reserved 1064960K
  class space    used 1165K, committed 1280K, reserved 1048576K
}

Dll operation events (2 events):
Event: 0.009 Loaded shared library C:\Users\DAN\AppData\Local\Programs\Android Studio\jbr\bin\java.dll
Event: 0.632 Loaded shared library C:\Users\DAN\AppData\Local\Programs\Android Studio\jbr\bin\verify.dll

Deoptimization events (20 events):
Event: 2.948 Thread 0x0000017073cb2c90 Uncommon trap: trap_request=0xffffffc6 fr.pc=0x00000170622e1acc relative=0x000000000000012c
Event: 2.948 Thread 0x0000017073cb2c90 Uncommon trap: reason=bimorphic_or_optimized_type_check action=maybe_recompile pc=0x00000170622e1acc method=java.util.AbstractList$Itr.next()Ljava/lang/Object; @ 14 c2
Event: 2.948 Thread 0x0000017073cb2c90 DEOPT PACKING pc=0x00000170622e1acc sp=0x00000060f7dfe0a0
Event: 2.948 Thread 0x0000017073cb2c90 DEOPT UNPACKING pc=0x0000017061d269a3 sp=0x00000060f7dfe038 mode 2
Event: 2.953 Thread 0x0000017073cb2c90 Uncommon trap: trap_request=0xffffff45 fr.pc=0x000001706230a9cc relative=0x0000000000001bec
Event: 2.953 Thread 0x0000017073cb2c90 Uncommon trap: reason=unstable_if action=reinterpret pc=0x000001706230a9cc method=sun.nio.fs.WindowsPathParser.normalize(Ljava/lang/StringBuilder;Ljava/lang/String;I)Ljava/lang/String; @ 121 c2
Event: 2.953 Thread 0x0000017073cb2c90 DEOPT PACKING pc=0x000001706230a9cc sp=0x00000060f7dfe760
Event: 2.953 Thread 0x0000017073cb2c90 DEOPT UNPACKING pc=0x0000017061d269a3 sp=0x00000060f7dfe758 mode 2
Event: 2.957 Thread 0x0000017073cb2c90 Uncommon trap: trap_request=0xffffff45 fr.pc=0x00000170623300b8 relative=0x0000000000000178
Event: 2.958 Thread 0x0000017073cb2c90 Uncommon trap: reason=unstable_if action=reinterpret pc=0x00000170623300b8 method=java.lang.invoke.VarHandle.checkExactAccessMode(Ljava/lang/invoke/VarHandle$AccessDescriptor;)V @ 4 c2
Event: 2.958 Thread 0x0000017073cb2c90 DEOPT PACKING pc=0x00000170623300b8 sp=0x00000060f7dfef70
Event: 2.958 Thread 0x0000017073cb2c90 DEOPT UNPACKING pc=0x0000017061d269a3 sp=0x00000060f7dfeeb0 mode 2
Event: 3.040 Thread 0x0000017072d494d0 Uncommon trap: trap_request=0xffffff45 fr.pc=0x000001706231c140 relative=0x0000000000001320
Event: 3.040 Thread 0x0000017072d494d0 Uncommon trap: reason=unstable_if action=reinterpret pc=0x000001706231c140 method=java.util.concurrent.ConcurrentHashMap.putVal(Ljava/lang/Object;Ljava/lang/Object;Z)Ljava/lang/Object; @ 256 c2
Event: 3.040 Thread 0x0000017072d494d0 DEOPT PACKING pc=0x000001706231c140 sp=0x00000060f88ff0d0
Event: 3.040 Thread 0x0000017072d494d0 DEOPT UNPACKING pc=0x0000017061d269a3 sp=0x00000060f88ff048 mode 2
Event: 3.298 Thread 0x0000017072d494d0 Uncommon trap: trap_request=0xffffff45 fr.pc=0x00000170623169fc relative=0x000000000000075c
Event: 3.298 Thread 0x0000017072d494d0 Uncommon trap: reason=unstable_if action=reinterpret pc=0x00000170623169fc method=java.util.ArrayList.grow(I)[Ljava/lang/Object; @ 17 c2
Event: 3.298 Thread 0x0000017072d494d0 DEOPT PACKING pc=0x00000170623169fc sp=0x00000060f88fd1d0
Event: 3.298 Thread 0x0000017072d494d0 DEOPT UNPACKING pc=0x0000017061d269a3 sp=0x00000060f88fd068 mode 2

Classes unloaded (0 events):
No events

Classes redefined (0 events):
No events

Internal exceptions (16 events):
Event: 0.252 Thread 0x0000017055ae1170 Exception <a 'java/lang/NoSuchMethodError'{0x0000000087cfe9e8}: 'int java.lang.invoke.DirectMethodHandle$Holder.invokeStaticInit(java.lang.Object, java.lang.Object)'> (0x0000000087cfe9e8) 
thrown [s\src\hotspot\share\interpreter\linkResolver.cpp, line 771]
Event: 0.701 Thread 0x0000017055ae1170 Exception <a 'java/lang/NoClassDefFoundError'{0x0000000086f711d0}: org/slf4j/impl/StaticMarkerBinder> (0x0000000086f711d0) 
thrown [s\src\hotspot\share\classfile\systemDictionary.cpp, line 245]
Event: 0.810 Thread 0x0000017055ae1170 Exception <a 'java/lang/NoSuchMethodError'{0x0000000086c00958}: 'java.lang.Object java.lang.invoke.DirectMethodHandle$Holder.invokeVirtual(java.lang.Object, java.lang.Object, java.lang.Object, java.lang.Object, java.lang.Object, java.lang.Object, java.lang.Object)'> (0x0000000086c00958) 
thrown [s\src\hotspot\share\interpreter\linkResolver.cpp, line 771]
Event: 0.815 Thread 0x0000017055ae1170 Exception <a 'java/lang/NoSuchMethodError'{0x0000000086c124c8}: 'java.lang.Object java.lang.invoke.Invokers$Holder.invoker(java.lang.Object, java.lang.Object, java.lang.Object)'> (0x0000000086c124c8) 
thrown [s\src\hotspot\share\interpreter\linkResolver.cpp, line 771]
Event: 0.818 Thread 0x0000017055ae1170 Exception <a 'java/lang/NoSuchMethodError'{0x0000000086c1b6c0}: 'java.lang.Object java.lang.invoke.DirectMethodHandle$Holder.invokeStatic(java.lang.Object, java.lang.Object, int)'> (0x0000000086c1b6c0) 
thrown [s\src\hotspot\share\interpreter\linkResolver.cpp, line 771]
Event: 0.820 Thread 0x0000017055ae1170 Exception <a 'java/lang/NoSuchMethodError'{0x0000000086c274a8}: 'void java.lang.invoke.DelegatingMethodHandle$Holder.delegate(java.lang.Object, java.lang.Object, int, java.lang.Object)'> (0x0000000086c274a8) 
thrown [s\src\hotspot\share\interpreter\linkResolver.cpp, line 771]
Event: 0.821 Thread 0x0000017055ae1170 Exception <a 'java/lang/NoSuchMethodError'{0x0000000086c2b5f0}: 'int java.lang.invoke.DirectMethodHandle$Holder.invokeSpecial(java.lang.Object, java.lang.Object, java.lang.Object)'> (0x0000000086c2b5f0) 
thrown [s\src\hotspot\share\interpreter\linkResolver.cpp, line 771]
Event: 0.826 Thread 0x0000017055ae1170 Exception <a 'java/lang/NoSuchMethodError'{0x0000000086c3eec8}: 'java.lang.Object java.lang.invoke.Invokers$Holder.invokeExact_MT(java.lang.Object, java.lang.Object, java.lang.Object, java.lang.Object)'> (0x0000000086c3eec8) 
thrown [s\src\hotspot\share\interpreter\linkResolver.cpp, line 771]
Event: 1.155 Thread 0x0000017055ae1170 Exception <a 'java/lang/NoSuchMethodError'{0x0000000087b62d08}: 'void java.lang.invoke.DirectMethodHandle$Holder.invokeInterface(java.lang.Object, java.lang.Object, java.lang.Object)'> (0x0000000087b62d08) 
thrown [s\src\hotspot\share\interpreter\linkResolver.cpp, line 771]
Event: 1.920 Thread 0x0000017055ae1170 Exception <a 'java/lang/NoSuchMethodError'{0x000000008751bfd0}: 'java.lang.Object java.lang.invoke.DirectMethodHandle$Holder.invokeStaticInit(java.lang.Object)'> (0x000000008751bfd0) 
thrown [s\src\hotspot\share\interpreter\linkResolver.cpp, line 771]
Event: 2.133 Thread 0x0000017055ae1170 Exception <a 'java/lang/NoSuchMethodError'{0x0000000087073138}: 'java.lang.Object java.lang.invoke.DirectMethodHandle$Holder.invokeStaticInit(java.lang.Object, int, int, int, int)'> (0x0000000087073138) 
thrown [s\src\hotspot\share\interpreter\linkResolver.cpp, line 771]
Event: 2.242 Thread 0x0000017055ae1170 Exception <a 'java/lang/NoSuchMethodError'{0x0000000086f6f1c8}: 'java.lang.Object java.lang.invoke.DirectMethodHandle$Holder.invokeStaticInit(java.lang.Object, java.lang.Object, int, int, int, int)'> (0x0000000086f6f1c8) 
thrown [s\src\hotspot\share\interpreter\linkResolver.cpp, line 771]
Event: 2.856 Thread 0x0000017055ae1170 Exception <a 'java/lang/NoSuchMethodError'{0x0000000086d25bc8}: 'void java.lang.invoke.DirectMethodHandle$Holder.invokeStatic(java.lang.Object, java.lang.Object, java.lang.Object)'> (0x0000000086d25bc8) 
thrown [s\src\hotspot\share\interpreter\linkResolver.cpp, line 771]
Event: 2.886 Thread 0x0000017055ae1170 Exception <a 'java/io/IOException'{0x0000000086dc23e0}> (0x0000000086dc23e0) 
thrown [s\src\hotspot\share\prims\jni.cpp, line 517]
Event: 3.162 Thread 0x0000017072d494d0 Exception <a 'java/lang/NoSuchMethodError'{0x0000000086614750}: 'long java.lang.invoke.DirectMethodHandle$Holder.invokeInterface(java.lang.Object, java.lang.Object)'> (0x0000000086614750) 
thrown [s\src\hotspot\share\interpreter\linkResolver.cpp, line 771]
Event: 3.167 Thread 0x0000017072d494d0 Exception <a 'java/lang/NoSuchMethodError'{0x00000000866228c8}: 'void java.lang.invoke.DelegatingMethodHandle$Holder.reinvoke_L(java.lang.Object, java.lang.Object, java.lang.Object, java.lang.Object, java.lang.Object, java.lang.Object, java.lang.Object)'> (0x00000000866228c8) 
thrown [s\src\hotspot\share\interpreter\linkResolver.cpp, line 771]

VM Operations (20 events):
Event: 1.906 Executing VM operation: HandshakeAllThreads
Event: 1.906 Executing VM operation: HandshakeAllThreads done
Event: 1.958 Executing VM operation: HandshakeAllThreads
Event: 1.958 Executing VM operation: HandshakeAllThreads done
Event: 2.115 Executing VM operation: HandshakeAllThreads
Event: 2.115 Executing VM operation: HandshakeAllThreads done
Event: 2.156 Executing VM operation: HandshakeAllThreads
Event: 2.156 Executing VM operation: HandshakeAllThreads done
Event: 2.212 Executing VM operation: HandshakeAllThreads
Event: 2.212 Executing VM operation: HandshakeAllThreads done
Event: 2.853 Executing VM operation: HandshakeAllThreads
Event: 2.853 Executing VM operation: HandshakeAllThreads done
Event: 2.853 Executing VM operation: Cleanup
Event: 2.854 Executing VM operation: Cleanup done
Event: 2.915 Executing VM operation: HandshakeAllThreads
Event: 2.915 Executing VM operation: HandshakeAllThreads done
Event: 3.387 Executing VM operation: HandshakeAllThreads
Event: 3.387 Executing VM operation: HandshakeAllThreads done
Event: 3.387 Executing VM operation: HandshakeAllThreads
Event: 3.387 Executing VM operation: HandshakeAllThreads done

Events (20 events):
Event: 3.292 loading class sun/reflect/generics/scope/ConstructorScope
Event: 3.292 loading class sun/reflect/generics/scope/ConstructorScope done
Event: 3.293 loading class sun/invoke/util/VerifyAccess$1
Event: 3.293 loading class sun/invoke/util/VerifyAccess$1 done
Event: 3.303 loading class java/util/concurrent/ExecutionException
Event: 3.304 loading class java/util/concurrent/ExecutionException done
Event: 3.315 loading class java/util/function/BiPredicate
Event: 3.315 loading class java/util/function/BiPredicate done
Event: 3.322 loading class java/util/concurrent/atomic/AtomicReferenceArray
Event: 3.323 loading class java/util/concurrent/atomic/AtomicReferenceArray done
Event: 3.323 loading class java/lang/invoke/VarHandleReferences$Array
Event: 3.323 loading class java/lang/invoke/VarHandleReferences$Array done
Event: 3.441 loading class java/util/concurrent/TimeoutException
Event: 3.442 loading class java/util/concurrent/TimeoutException done
Event: 3.442 loading class java/util/concurrent/CancellationException
Event: 3.442 loading class java/util/concurrent/CancellationException done
Event: 3.442 loading class sun/misc/Unsafe
Event: 3.443 loading class sun/misc/Unsafe done
Event: 3.447 loading class java/util/ServiceConfigurationError
Event: 3.447 loading class java/util/ServiceConfigurationError done


Dynamic libraries:
0x00007ff68ca20000 - 0x00007ff68ca2a000 	C:\Users\DAN\AppData\Local\Programs\Android Studio\jbr\bin\java.exe
0x00007ff8b21a0000 - 0x00007ff8b23a9000 	C:\Windows\SYSTEM32\ntdll.dll
0x00007ff8b1ee0000 - 0x00007ff8b1f9e000 	C:\Windows\System32\KERNEL32.DLL
0x00007ff8af960000 - 0x00007ff8afce4000 	C:\Windows\System32\KERNELBASE.dll
0x00007ff8af840000 - 0x00007ff8af951000 	C:\Windows\System32\ucrtbase.dll
0x00007ff873060000 - 0x00007ff873077000 	C:\Users\DAN\AppData\Local\Programs\Android Studio\jbr\bin\jli.dll
0x00007ff87cbe0000 - 0x00007ff87cbfb000 	C:\Users\DAN\AppData\Local\Programs\Android Studio\jbr\bin\VCRUNTIME140.dll
0x00007ff8b07b0000 - 0x00007ff8b095d000 	C:\Windows\System32\USER32.dll
0x00007ff8afe20000 - 0x00007ff8afe46000 	C:\Windows\System32\win32u.dll
0x00007ff8b2130000 - 0x00007ff8b215a000 	C:\Windows\System32\GDI32.dll
0x00007ff89a0c0000 - 0x00007ff89a365000 	C:\Windows\WinSxS\amd64_microsoft.windows.common-controls_6595b64144ccf1df_6.0.22000.120_none_9d947278b86cc467\COMCTL32.dll
0x00007ff8afed0000 - 0x00007ff8affef000 	C:\Windows\System32\gdi32full.dll
0x00007ff8b2000000 - 0x00007ff8b20a3000 	C:\Windows\System32\msvcrt.dll
0x00007ff8af7a0000 - 0x00007ff8af83d000 	C:\Windows\System32\msvcp_win.dll
0x00007ff8b1fa0000 - 0x00007ff8b1fd1000 	C:\Windows\System32\IMM32.DLL
0x00007ff88b5c0000 - 0x00007ff88b5cc000 	C:\Users\DAN\AppData\Local\Programs\Android Studio\jbr\bin\vcruntime140_1.dll
0x00007ff87cb50000 - 0x00007ff87cbdd000 	C:\Users\DAN\AppData\Local\Programs\Android Studio\jbr\bin\msvcp140.dll
0x00007ff83b7e0000 - 0x00007ff83c44e000 	C:\Users\DAN\AppData\Local\Programs\Android Studio\jbr\bin\server\jvm.dll
0x00007ff8b11e0000 - 0x00007ff8b128f000 	C:\Windows\System32\ADVAPI32.dll
0x00007ff8b1590000 - 0x00007ff8b162e000 	C:\Windows\System32\sechost.dll
0x00007ff8b0590000 - 0x00007ff8b06b1000 	C:\Windows\System32\RPCRT4.dll
0x00007ff8a8370000 - 0x00007ff8a837a000 	C:\Windows\SYSTEM32\VERSION.dll
0x00007ff8a8890000 - 0x00007ff8a88c3000 	C:\Windows\SYSTEM32\WINMM.dll
0x00007ff8ac730000 - 0x00007ff8ac739000 	C:\Windows\SYSTEM32\WSOCK32.dll
0x00007ff8afff0000 - 0x00007ff8b005f000 	C:\Windows\System32\WS2_32.dll
0x00007ff8ae650000 - 0x00007ff8ae668000 	C:\Windows\SYSTEM32\kernel.appcore.dll
0x00007ff88f2d0000 - 0x00007ff88f2da000 	C:\Users\DAN\AppData\Local\Programs\Android Studio\jbr\bin\jimage.dll
0x00007ff8acf80000 - 0x00007ff8ad1a1000 	C:\Windows\SYSTEM32\DBGHELP.DLL
0x00007ff898760000 - 0x00007ff898791000 	C:\Windows\SYSTEM32\dbgcore.DLL
0x00007ff8afe50000 - 0x00007ff8afecf000 	C:\Windows\System32\bcryptPrimitives.dll
0x00007ff88f120000 - 0x00007ff88f145000 	C:\Users\DAN\AppData\Local\Programs\Android Studio\jbr\bin\java.dll
0x00007ff88f2b0000 - 0x00007ff88f2c8000 	C:\Users\DAN\AppData\Local\Programs\Android Studio\jbr\bin\zip.dll
0x00007ff8b1710000 - 0x00007ff8b1ed5000 	C:\Windows\System32\SHELL32.dll
0x00007ff8ad6b0000 - 0x00007ff8adf14000 	C:\Windows\SYSTEM32\windows.storage.dll
0x00007ff8b0ad0000 - 0x00007ff8b0e46000 	C:\Windows\System32\combase.dll
0x00007ff8ad540000 - 0x00007ff8ad6a7000 	C:\Windows\SYSTEM32\wintypes.dll
0x00007ff8b1300000 - 0x00007ff8b13ea000 	C:\Windows\System32\SHCORE.dll
0x00007ff8b0960000 - 0x00007ff8b09bd000 	C:\Windows\System32\shlwapi.dll
0x00007ff8af560000 - 0x00007ff8af585000 	C:\Windows\SYSTEM32\profapi.dll
0x00007ff87ca50000 - 0x00007ff87ca69000 	C:\Users\DAN\AppData\Local\Programs\Android Studio\jbr\bin\net.dll
0x00007ff8a7910000 - 0x00007ff8a7a23000 	C:\Windows\SYSTEM32\WINHTTP.dll
0x00007ff8aeaf0000 - 0x00007ff8aeb57000 	C:\Windows\system32\mswsock.dll
0x00007ff87ca10000 - 0x00007ff87ca26000 	C:\Users\DAN\AppData\Local\Programs\Android Studio\jbr\bin\nio.dll
0x00007ff88a430000 - 0x00007ff88a440000 	C:\Users\DAN\AppData\Local\Programs\Android Studio\jbr\bin\verify.dll
0x00007ff873db0000 - 0x00007ff873dd7000 	C:\Users\DAN\.gradle\native\e1d6ef7f7dcc3fd88c89a11ec53ec762bb8ba0a96d01ffa2cd45eb1d1d8dd5c5\windows-amd64\native-platform.dll
0x00007ff863f80000 - 0x00007ff8640c4000 	C:\Users\DAN\.gradle\native\0d407fdbe67a94daf76414ababcb853783967236a71b16ec16e742cd7a986fd3\windows-amd64\native-platform-file-events.dll
0x00007ff8896c0000 - 0x00007ff8896c9000 	C:\Users\DAN\AppData\Local\Programs\Android Studio\jbr\bin\management.dll
0x00007ff8890d0000 - 0x00007ff8890db000 	C:\Users\DAN\AppData\Local\Programs\Android Studio\jbr\bin\management_ext.dll
0x00007ff8b0a20000 - 0x00007ff8b0a28000 	C:\Windows\System32\PSAPI.DLL
0x00007ff8aee30000 - 0x00007ff8aee48000 	C:\Windows\SYSTEM32\CRYPTSP.dll
0x00007ff8ae5b0000 - 0x00007ff8ae5e5000 	C:\Windows\system32\rsaenh.dll
0x00007ff8aeb90000 - 0x00007ff8aebbc000 	C:\Windows\SYSTEM32\USERENV.dll
0x00007ff8af000000 - 0x00007ff8af027000 	C:\Windows\SYSTEM32\bcrypt.dll
0x00007ff8aece0000 - 0x00007ff8aecec000 	C:\Windows\SYSTEM32\CRYPTBASE.dll
0x00007ff8ae170000 - 0x00007ff8ae19d000 	C:\Windows\SYSTEM32\IPHLPAPI.DLL
0x00007ff8b1040000 - 0x00007ff8b1049000 	C:\Windows\System32\NSI.dll
0x00007ff8a77a0000 - 0x00007ff8a77b9000 	C:\Windows\SYSTEM32\dhcpcsvc6.DLL
0x00007ff8a7d50000 - 0x00007ff8a7d6e000 	C:\Windows\SYSTEM32\dhcpcsvc.DLL
0x00007ff8ae1a0000 - 0x00007ff8ae287000 	C:\Windows\SYSTEM32\DNSAPI.dll
0x00007ff8881f0000 - 0x00007ff8881f8000 	C:\Windows\system32\wshunix.dll

dbghelp: loaded successfully - version: 4.0.5 - missing functions: none
symbol engine: initialized successfully - sym options: 0x614 - pdb path: .;C:\Users\DAN\AppData\Local\Programs\Android Studio\jbr\bin;C:\Windows\SYSTEM32;C:\Windows\WinSxS\amd64_microsoft.windows.common-controls_6595b64144ccf1df_6.0.22000.120_none_9d947278b86cc467;C:\Users\DAN\AppData\Local\Programs\Android Studio\jbr\bin\server;C:\Users\DAN\.gradle\native\e1d6ef7f7dcc3fd88c89a11ec53ec762bb8ba0a96d01ffa2cd45eb1d1d8dd5c5\windows-amd64;C:\Users\DAN\.gradle\native\0d407fdbe67a94daf76414ababcb853783967236a71b16ec16e742cd7a986fd3\windows-amd64

VM Arguments:
jvm_args: --add-opens=java.base/java.util=ALL-UNNAMED --add-opens=java.base/java.lang=ALL-UNNAMED --add-opens=java.base/java.lang.invoke=ALL-UNNAMED --add-opens=java.base/java.util=ALL-UNNAMED --add-opens=java.prefs/java.util.prefs=ALL-UNNAMED --add-opens=java.prefs/java.util.prefs=ALL-UNNAMED --add-opens=java.base/java.nio.charset=ALL-UNNAMED --add-opens=java.base/java.net=ALL-UNNAMED --add-opens=java.base/java.util.concurrent.atomic=ALL-UNNAMED -Xmx2048m -Dfile.encoding=UTF-8 -Duser.country=PL -Duser.language=pl -Duser.variant 
java_command: org.gradle.launcher.daemon.bootstrap.GradleDaemon 7.4
java_class_path (initial): C:\Users\DAN\.gradle\wrapper\dists\gradle-7.4-bin\c0gwcg53nkjbqw7r0h0umtfvt\gradle-7.4\lib\gradle-launcher-7.4.jar
Launcher Type: SUN_STANDARD

[Global flags]
     intx CICompilerCount                          = 4                                         {product} {ergonomic}
     uint ConcGCThreads                            = 2                                         {product} {ergonomic}
     uint G1ConcRefinementThreads                  = 8                                         {product} {ergonomic}
   size_t G1HeapRegionSize                         = 1048576                                   {product} {ergonomic}
    uintx GCDrainStackTargetSize                   = 64                                        {product} {ergonomic}
   size_t InitialHeapSize                          = 132120576                                 {product} {ergonomic}
   size_t MarkStackSize                            = 4194304                                   {product} {ergonomic}
   size_t MaxHeapSize                              = 2147483648                                {product} {command line}
   size_t MaxNewSize                               = 1287651328                                {product} {ergonomic}
   size_t MinHeapDeltaBytes                        = 1048576                                   {product} {ergonomic}
   size_t MinHeapSize                              = 8388608                                   {product} {ergonomic}
    uintx NonNMethodCodeHeapSize                   = 5839372                                {pd product} {ergonomic}
    uintx NonProfiledCodeHeapSize                  = 122909434                              {pd product} {ergonomic}
    uintx ProfiledCodeHeapSize                     = 122909434                              {pd product} {ergonomic}
    uintx ReservedCodeCacheSize                    = 251658240                              {pd product} {ergonomic}
     bool SegmentedCodeCache                       = true                                      {product} {ergonomic}
   size_t SoftMaxHeapSize                          = 2147483648                             {manageable} {ergonomic}
     bool UseCompressedClassPointers               = true                           {product lp64_product} {ergonomic}
     bool UseCompressedOops                        = true                           {product lp64_product} {ergonomic}
     bool UseG1GC                                  = true                                      {product} {ergonomic}
     bool UseLargePagesIndividualAllocation        = false                                  {pd product} {ergonomic}

Logging:
Log output configuration:
 #0: stdout all=warning uptime,level,tags
 #1: stderr all=off uptime,level,tags

Environment Variables:
JAVA_HOME=C:\Users\DAN\.jdks\openjdk-17.0.1\
PATH=C:\Python312\Scripts\;C:\Python312\;C:\Program Files (x86)\Common Files\Intel\Shared Libraries\redist\intel64\compiler;C:\Program Files (x86)\Common Files\Oracle\Java\javapath;C:\Windows\system32;C:\Windows;C:\Windows\System32\Wbem;C:\Windows\System32\WindowsPowerShell\v1.0\;C:\Windows\System32\OpenSSH\;C:\Program Files (x86)\NVIDIA Corporation\PhysX\Common;C:\Program Files\PuTTY\;D:\Program Files\Git\cmd;C:\Windows\system32;C:\Windows;C:\Windows\System32\Wbem;C:\Windows\System32\WindowsPowerShell\v1.0\;C:\Windows\System32\OpenSSH\;C:\apache-maven-3.8.3\bin;D:\Program files\TkinterGUIBuilder;D:\Program files\page;D:\Program files\Neovim\bin;D:\Program files\Cmake\bin;C:\Users\DAN\.jdks\openjdk-17.0.1\\bin\;C:\mingw64\bin\;C:\mingw64\x86_64-w64-mingw32\bin\;C:\Program Files\CMake\bin;C:\ProgramData\chocolatey\bin;C:\Program Files\Docker\Docker\resources\bin;D:\Program files\Microsoft VS Code\bin;D:\Program files\ffmpeg\bin;D:\Program files\nodejs\;D:\Program files\Git\cmd;C:\Users\DAN\AppData\Local\Programs\Python\Python37\Scripts\;C:\Users\DAN\AppData\Local\Programs\Python\Python37\;C:\Users\DAN\AppData\Local\Programs\Python\Python39\Scripts\;C:\Users\DAN\AppData\Local\Programs\Python\Python39\;C:\Users\DAN\AppData\Local\Microsoft\WindowsApps;C:\Program Files\Azure Data Studio\bin;C:\Program Files\JetBrains\PyCharm Community Edition 2021.2.1\bin;D:\Program files\heroku\bin;C:\apache-maven-3.8.3\bin;C:\Users\DAN\.dotnet\tools;D:\Program files\IntelliJ IDEA 2021.3\bin;D:\Program files\CLion 2022.2.3\bin;D:\Program files\Nmap;D:\Program files\Gradle\gradle-8.1.1\bin;C:\MinGW\bin\;C:\Users\DAN\AppData\Local\JetBrains\Toolbox\scripts;C:\Users\DAN\AppData\Roaming\npm
USERNAME=DAN
OS=Windows_NT
PROCESSOR_IDENTIFIER=Intel64 Family 6 Model 142 Stepping 12, GenuineIntel
TMP=C:\Users\DAN\AppData\Local\Temp
TEMP=C:\Users\DAN\AppData\Local\Temp


JNI global refs:
JNI global refs: 23, weak refs: 0

JNI global refs memory usage: 843, weak refs: 841


---------------  S Y S T E M  ---------------

OS:
 Windows 11 , 64 bit Build 22000 (10.0.22000.2124)
OS uptime: 5 days 19:25 hours
Hyper-V role detected

CPU: total 8 (initial active 8) (4 cores per cpu, 2 threads per core) family 6 model 142 stepping 12 microcode 0xde, cx8, cmov, fxsr, ht, mmx, 3dnowpref, sse, sse2, sse3, ssse3, sse4.1, sse4.2, popcnt, lzcnt, tsc, tscinvbit, avx, avx2, aes, erms, clmul, bmi1, bmi2, adx, fma, vzeroupper, clflush, clflushopt, hv

Memory: 4k page, system-wide physical 8042M (542M free)
TotalPageFile size 28042M (AvailPageFile size 0M)
current process WorkingSet (physical memory assigned to process): 141M, peak: 141M
current process commit charge ("private bytes"): 257M, peak: 257M

vm_info: OpenJDK 64-Bit Server VM (17.0.6+0-b2043.56-10027231) for windows-amd64 JRE (17.0.6+0-b2043.56-10027231), built on Apr 28 2023 00:43:19 by "androidbuild" with MS VC++ 16.10 / 16.11 (VS2019)

END.
